ERROR 2025-10-15 13:13:30,469 log Internal Server Error: /
Traceback (most recent call last):
  File "C:\Users\ccayuan\Desktop\Proyecto_Touch\venv\Lib\site-packages\django\core\handlers\exception.py", line 55, in inner
    response = get_response(request)
  File "C:\Users\ccayuan\Desktop\Proyecto_Touch\venv\Lib\site-packages\django\core\handlers\base.py", line 220, in _get_response
    response = response.render()
  File "C:\Users\ccayuan\Desktop\Proyecto_Touch\venv\Lib\site-packages\django\template\response.py", line 114, in render
    self.content = self.rendered_content
                   ^^^^^^^^^^^^^^^^^^^^^
  File "C:\Users\ccayuan\Desktop\Proyecto_Touch\venv\Lib\site-packages\django\template\response.py", line 90, in rendered_content
    template = self.resolve_template(self.template_name)
  File "C:\Users\ccayuan\Desktop\Proyecto_Touch\venv\Lib\site-packages\django\template\response.py", line 72, in resolve_template
    return select_template(template, using=self.using)
  File "C:\Users\ccayuan\Desktop\Proyecto_Touch\venv\Lib\site-packages\django\template\loader.py", line 47, in select_template
    raise TemplateDoesNotExist(", ".join(template_name_list), chain=chain)
django.template.exceptions.TemplateDoesNotExist: index.html
ERROR 2025-10-15 13:13:30,647 basehttp "GET / HTTP/1.1" 500 145
ERROR 2025-10-15 13:13:30,769 log Internal Server Error: /favicon.ico
Traceback (most recent call last):
  File "C:\Users\ccayuan\Desktop\Proyecto_Touch\venv\Lib\site-packages\django\core\handlers\exception.py", line 55, in inner
    response = get_response(request)
  File "C:\Users\ccayuan\Desktop\Proyecto_Touch\venv\Lib\site-packages\django\core\handlers\base.py", line 220, in _get_response
    response = response.render()
  File "C:\Users\ccayuan\Desktop\Proyecto_Touch\venv\Lib\site-packages\django\template\response.py", line 114, in render
    self.content = self.rendered_content
                   ^^^^^^^^^^^^^^^^^^^^^
  File "C:\Users\ccayuan\Desktop\Proyecto_Touch\venv\Lib\site-packages\django\template\response.py", line 90, in rendered_content
    template = self.resolve_template(self.template_name)
  File "C:\Users\ccayuan\Desktop\Proyecto_Touch\venv\Lib\site-packages\django\template\response.py", line 72, in resolve_template
    return select_template(template, using=self.using)
  File "C:\Users\ccayuan\Desktop\Proyecto_Touch\venv\Lib\site-packages\django\template\loader.py", line 47, in select_template
    raise TemplateDoesNotExist(", ".join(template_name_list), chain=chain)
django.template.exceptions.TemplateDoesNotExist: index.html
ERROR 2025-10-15 13:13:30,773 basehttp "GET /favicon.ico HTTP/1.1" 500 145
ERROR 2025-10-15 13:13:40,758 log Internal Server Error: /
Traceback (most recent call last):
  File "C:\Users\ccayuan\Desktop\Proyecto_Touch\venv\Lib\site-packages\django\core\handlers\exception.py", line 55, in inner
    response = get_response(request)
  File "C:\Users\ccayuan\Desktop\Proyecto_Touch\venv\Lib\site-packages\django\core\handlers\base.py", line 220, in _get_response
    response = response.render()
  File "C:\Users\ccayuan\Desktop\Proyecto_Touch\venv\Lib\site-packages\django\template\response.py", line 114, in render
    self.content = self.rendered_content
                   ^^^^^^^^^^^^^^^^^^^^^
  File "C:\Users\ccayuan\Desktop\Proyecto_Touch\venv\Lib\site-packages\django\template\response.py", line 90, in rendered_content
    template = self.resolve_template(self.template_name)
  File "C:\Users\ccayuan\Desktop\Proyecto_Touch\venv\Lib\site-packages\django\template\response.py", line 72, in resolve_template
    return select_template(template, using=self.using)
  File "C:\Users\ccayuan\Desktop\Proyecto_Touch\venv\Lib\site-packages\django\template\loader.py", line 47, in select_template
    raise TemplateDoesNotExist(", ".join(template_name_list), chain=chain)
django.template.exceptions.TemplateDoesNotExist: index.html
ERROR 2025-10-15 13:13:40,762 basehttp "GET / HTTP/1.1" 500 145
ERROR 2025-10-15 13:13:40,822 log Internal Server Error: /favicon.ico
Traceback (most recent call last):
  File "C:\Users\ccayuan\Desktop\Proyecto_Touch\venv\Lib\site-packages\django\core\handlers\exception.py", line 55, in inner
    response = get_response(request)
  File "C:\Users\ccayuan\Desktop\Proyecto_Touch\venv\Lib\site-packages\django\core\handlers\base.py", line 220, in _get_response
    response = response.render()
  File "C:\Users\ccayuan\Desktop\Proyecto_Touch\venv\Lib\site-packages\django\template\response.py", line 114, in render
    self.content = self.rendered_content
                   ^^^^^^^^^^^^^^^^^^^^^
  File "C:\Users\ccayuan\Desktop\Proyecto_Touch\venv\Lib\site-packages\django\template\response.py", line 90, in rendered_content
    template = self.resolve_template(self.template_name)
  File "C:\Users\ccayuan\Desktop\Proyecto_Touch\venv\Lib\site-packages\django\template\response.py", line 72, in resolve_template
    return select_template(template, using=self.using)
  File "C:\Users\ccayuan\Desktop\Proyecto_Touch\venv\Lib\site-packages\django\template\loader.py", line 47, in select_template
    raise TemplateDoesNotExist(", ".join(template_name_list), chain=chain)
django.template.exceptions.TemplateDoesNotExist: index.html
ERROR 2025-10-15 13:13:40,825 basehttp "GET /favicon.ico HTTP/1.1" 500 145
ERROR 2025-10-15 13:13:44,364 log Internal Server Error: /.well-known/appspecific/com.chrome.devtools.json
Traceback (most recent call last):
  File "C:\Users\ccayuan\Desktop\Proyecto_Touch\venv\Lib\site-packages\django\core\handlers\exception.py", line 55, in inner
    response = get_response(request)
  File "C:\Users\ccayuan\Desktop\Proyecto_Touch\venv\Lib\site-packages\django\core\handlers\base.py", line 220, in _get_response
    response = response.render()
  File "C:\Users\ccayuan\Desktop\Proyecto_Touch\venv\Lib\site-packages\django\template\response.py", line 114, in render
    self.content = self.rendered_content
                   ^^^^^^^^^^^^^^^^^^^^^
  File "C:\Users\ccayuan\Desktop\Proyecto_Touch\venv\Lib\site-packages\django\template\response.py", line 90, in rendered_content
    template = self.resolve_template(self.template_name)
  File "C:\Users\ccayuan\Desktop\Proyecto_Touch\venv\Lib\site-packages\django\template\response.py", line 72, in resolve_template
    return select_template(template, using=self.using)
  File "C:\Users\ccayuan\Desktop\Proyecto_Touch\venv\Lib\site-packages\django\template\loader.py", line 47, in select_template
    raise TemplateDoesNotExist(", ".join(template_name_list), chain=chain)
django.template.exceptions.TemplateDoesNotExist: index.html
ERROR 2025-10-15 13:13:44,367 basehttp "GET /.well-known/appspecific/com.chrome.devtools.json HTTP/1.1" 500 145
WARNING 2025-10-15 13:28:38,893 basehttp "GET /static/assets/index-Bmd8er73.js HTTP/1.1" 404 2012
WARNING 2025-10-15 13:28:38,894 basehttp "GET /static/assets/index-CpAM3JnO.css HTTP/1.1" 404 2015
WARNING 2025-10-15 13:28:38,938 basehttp "GET /static/vite.svg HTTP/1.1" 404 1964
WARNING 2025-10-15 13:28:42,953 basehttp "GET /static/assets/index-Bmd8er73.js HTTP/1.1" 404 2012
WARNING 2025-10-15 13:28:43,052 basehttp "GET /static/assets/index-CpAM3JnO.css HTTP/1.1" 404 2015
WARNING 2025-10-15 13:28:43,089 basehttp "GET /static/vite.svg HTTP/1.1" 404 1964
WARNING 2025-10-15 13:28:45,228 basehttp "GET /static/assets/index-Bmd8er73.js HTTP/1.1" 404 2012
WARNING 2025-10-15 13:28:45,229 basehttp "GET /static/assets/index-CpAM3JnO.css HTTP/1.1" 404 2015
WARNING 2025-10-15 13:28:47,933 basehttp "GET /static/assets/index-Bmd8er73.js HTTP/1.1" 404 2012
WARNING 2025-10-15 13:28:47,933 basehttp "GET /static/assets/index-CpAM3JnO.css HTTP/1.1" 404 2015
WARNING 2025-10-15 13:28:51,394 basehttp "GET /static/assets/index-CpAM3JnO.css HTTP/1.1" 404 2015
WARNING 2025-10-15 13:34:30,393 basehttp "GET /static/assets/index-Bmd8er73.js HTTP/1.1" 404 1999
WARNING 2025-10-15 13:34:30,394 basehttp "GET /static/assets/index-CpAM3JnO.css HTTP/1.1" 404 2002
WARNING 2025-10-15 13:34:36,659 basehttp "GET /static/assets/index-CpAM3JnO.css HTTP/1.1" 404 2002
